<?xml version="1.0" encoding="UTF-8"?>
<testsuite xmlns:xsi="http://www.w3.org/2001/XMLSchema-instance" xsi:noNamespaceSchemaLocation="https://maven.apache.org/surefire/maven-surefire-plugin/xsd/surefire-test-report-3.0.xsd" version="3.0" name="AppTest" time="0.271" tests="7" errors="0" skipped="0" failures="0">
  <properties>
[...]
</properties>
  <testcase name="saveStudent_group_222_saveSuccess" classname="AppTest" time="0.035"/>
  <testcase name="saveStudent_studentId_10_saveSuccess" classname="AppTest" time="0.001"/>
  <testcase name="saveStudent_studentId_negative1_saveFail" classname="AppTest" time="0.002"/>
  <testcase name="saveStudent_group_1_saveFail" classname="AppTest" time="0.077">
    <system-out><![CDATA[Entitatea nu este valida! 

]]></system-out>
  </testcase>
  <testcase name="saveStudent_studentId_0_saveSuccess" classname="AppTest" time="0.002"/>
  <testcase name="saveStudent_studentId_maxInt_saveSuccess" classname="AppTest" time="0.002"/>
  <testcase name="saveStudent_studentId_1_saveFail" classname="AppTest" time="0.001"/>
</testsuite>